<?xml version="1.0" encoding="UTF-8" ?>
<testsuites>
  <testsuite errors="0" failures="0" hostname="private" id="0" name="SetupTest" package="testSuites.exampleTestSuite.testCases.tests" skipped="0" tests="5" time="6.912" timestamp="2011-03-13T03:15:41">
      <testcase classname="testSuites.exampleTestSuite.testCases.tests::SetupTest" name="setupTest1" time="0.216" />

      <testcase classname="testSuites.exampleTestSuite.testCases.tests::SetupTest" name="setupTest2" time="0.062" />

      <testcase classname="testSuites.exampleTestSuite.testCases.tests::SetupTest" name="setupTest3" time="0.181" />

      <testcase classname="testSuites.exampleTestSuite.testCases.tests::SetupTest" name="setupTest4" time="0.103" />

      <testcase classname="testSuites.exampleTestSuite.testCases.tests::SetupTest" name="setupTest5" time="3.056" />

      <testcase classname="testSuites.exampleTestSuite.testCases.tests::SetupTest" name="setupTest1" time="0.079" />

      <testcase classname="testSuites.exampleTestSuite.testCases.tests::SetupTest" name="setupTest2" time="0.008" />

      <testcase classname="testSuites.exampleTestSuite.testCases.tests::SetupTest" name="setupTest3" time="0.046" />

      <testcase classname="testSuites.exampleTestSuite.testCases.tests::SetupTest" name="setupTest4" time="0.019" />

      <testcase classname="testSuites.exampleTestSuite.testCases.tests::SetupTest" name="setupTest5" time="3.142" />

  </testsuite>
  <testsuite errors="0" failures="0" hostname="private" id="1" name="TeardownTest" package="testSuites.exampleTestSuite.testCases.tests" skipped="0" tests="3" time="0.809" timestamp="2011-03-13T03:15:52">
      <testcase classname="testSuites.exampleTestSuite.testCases.tests::TeardownTest" name="teardownTest1" time="0.013" />

      <testcase classname="testSuites.exampleTestSuite.testCases.tests::TeardownTest" name="teardownTest2" time="0.451" />

      <testcase classname="testSuites.exampleTestSuite.testCases.tests::TeardownTest" name="teardownTest3" time="0.147" />

      <testcase classname="testSuites.exampleTestSuite.testCases.tests::TeardownTest" name="teardownTest1" time="0.028" />

      <testcase classname="testSuites.exampleTestSuite.testCases.tests::TeardownTest" name="teardownTest2" time="0.034" />

      <testcase classname="testSuites.exampleTestSuite.testCases.tests::TeardownTest" name="teardownTest3" time="0.136" />

  </testsuite>
  <testsuite errors="1" failures="0" hostname="private" id="2" name="ValidationTest" package="testSuites.exampleTestSuite.testCases.tests" skipped="0" tests="5" time="13.250" timestamp="2011-03-13T03:15:52">
      <testcase classname="testSuites.exampleTestSuite.testCases.tests::ValidationTest" name="validationTest1" time="0.013" />

      <testcase classname="testSuites.exampleTestSuite.testCases.tests::ValidationTest" name="validationTest2" time="0.031" />

      <testcase classname="testSuites.exampleTestSuite.testCases.tests::ValidationTest" name="validationTest3" time="0.008" />

      <testcase classname="testSuites.exampleTestSuite.testCases.tests::ValidationTest" name="validationTest4" time="0.011" />

      <testcase classname="testSuites.exampleTestSuite.testCases.tests::ValidationTest" name="validationTest5" time="1.562" />

      <testcase classname="testSuites.exampleTestSuite.testCases.tests::ValidationTest" name="validationTest1" time="0.001" />

      <testcase classname="testSuites.exampleTestSuite.testCases.tests::ValidationTest" name="validationTest2" time="0.007" />

      <testcase classname="testSuites.exampleTestSuite.testCases.tests::ValidationTest" name="validationTest3" time="0.034" />

      <testcase classname="testSuites.exampleTestSuite.testCases.tests::ValidationTest" name="validationTest4" time="10.044">
          <error message="Test did not complete within specified timeout 10000ms" type="testSuites.exampleTestSuite.testCases.tests::ValidationTest.validationTest4"><![CDATA[Error: Test did not complete within specified timeout 10000ms
	at com.gorillalogic.flexunit::FlexMonkeyFlexUnitRule/timeoutCompleteHandler()[/Users/jonr/projects/flexmonkey/workspace3/MonkeyLink/src/com/gorillalogic/flexunit/FlexMonkeyFlexUnitRule.as:89]
	at flash.events::EventDispatcher/dispatchEventFunction()
	at flash.events::EventDispatcher/dispatchEvent()
	at flash.utils::Timer/tick()]]></error>

      </testcase>

      <testcase classname="testSuites.exampleTestSuite.testCases.tests::ValidationTest" name="validationTest5" time="1.539" />

  </testsuite>
</testsuites>
